19:26:20.037 [main] INFO  io.github.bonigarcia.wdm.WebDriverManager - Exporting webdriver.chrome.driver as C:\Users\Vishv\.cache\selenium\chromedriver\win64\131.0.6778.85\chromedriver.exe
19:26:22.012 [main] INFO  testClass.TC_002_Login - ***verifyLoggedin - started***
19:26:23.407 [main] INFO  testClass.TC_002_Login - Entered login page
19:26:25.595 [main] INFO  testClass.TC_002_Login - ***verifyLoggedin - ended***
19:53:40.906 [main] INFO  org.testng.internal.Utils - [TestNG] Running:
  D:\Selenium class\Workout\OpenCartMock1\master.xml

19:54:45.117 [main] INFO  org.testng.internal.Utils - [TestNG] Running:
  D:\Selenium class\Workout\OpenCartMock1\master.xml

19:54:45.630 [main] INFO  io.github.bonigarcia.wdm.WebDriverManager - Using chromedriver 131.0.6778.85 (resolved driver for Chrome 131)
19:54:45.668 [main] INFO  io.github.bonigarcia.wdm.WebDriverManager - Exporting webdriver.chrome.driver as C:\Users\Vishv\.cache\selenium\chromedriver\win64\131.0.6778.85\chromedriver.exe
19:54:48.613 [main] INFO  testClass.TC_001_Registration - ***verifyregistration - started***
19:54:50.113 [main] INFO  testClass.TC_001_Registration - Entered register page
19:54:53.583 [main] INFO  testClass.TC_001_Registration - Registered successfull
19:54:53.583 [main] INFO  testClass.TC_001_Registration - ***verifyregistration - ended***
19:54:55.725 [main] INFO  io.github.bonigarcia.wdm.WebDriverManager - Using chromedriver 131.0.6778.85 (resolved driver for Chrome 131)
19:54:55.750 [main] INFO  io.github.bonigarcia.wdm.WebDriverManager - Exporting webdriver.chrome.driver as C:\Users\Vishv\.cache\selenium\chromedriver\win64\131.0.6778.85\chromedriver.exe
19:54:57.516 [main] INFO  testClass.TC_002_Login - ***verifyLoggedin - started***
19:54:58.880 [main] INFO  testClass.TC_002_Login - Entered login page
19:55:01.505 [main] INFO  testClass.TC_002_Login - ***verifyLoggedin - ended***
20:02:33.248 [main] INFO  io.github.bonigarcia.wdm.WebDriverManager - Using chromedriver 131.0.6778.85 (resolved driver for Chrome 131)
20:02:33.281 [main] INFO  io.github.bonigarcia.wdm.WebDriverManager - Exporting webdriver.chrome.driver as C:\Users\Vishv\.cache\selenium\chromedriver\win64\131.0.6778.85\chromedriver.exe
20:02:35.616 [main] INFO  testClass.TC_002_Login - ***verifyLoggedin - started***
20:02:36.997 [main] INFO  testClass.TC_002_Login - Entered login page
20:02:39.394 [main] INFO  testClass.TC_002_Login - ***verifyLoggedin - ended***
20:03:30.149 [main] INFO  io.github.bonigarcia.wdm.WebDriverManager - Using chromedriver 131.0.6778.85 (resolved driver for Chrome 131)
20:03:30.189 [main] INFO  io.github.bonigarcia.wdm.WebDriverManager - Exporting webdriver.chrome.driver as C:\Users\Vishv\.cache\selenium\chromedriver\win64\131.0.6778.85\chromedriver.exe
20:03:32.483 [main] INFO  testClass.TC_001_Registration - ***verifyregistration - started***
20:03:34.262 [main] INFO  testClass.TC_001_Registration - Entered register page
20:03:37.886 [main] INFO  testClass.TC_001_Registration - Registered successfull
20:03:37.886 [main] INFO  testClass.TC_001_Registration - ***verifyregistration - ended***
20:03:40.022 [main] INFO  io.github.bonigarcia.wdm.WebDriverManager - Using chromedriver 131.0.6778.85 (resolved driver for Chrome 131)
20:03:40.054 [main] INFO  io.github.bonigarcia.wdm.WebDriverManager - Exporting webdriver.chrome.driver as C:\Users\Vishv\.cache\selenium\chromedriver\win64\131.0.6778.85\chromedriver.exe
20:03:42.047 [main] INFO  testClass.TC_002_Login - ***verifyLoggedin - started***
20:03:43.425 [main] INFO  testClass.TC_002_Login - Entered login page
20:03:45.818 [main] INFO  testClass.TC_002_Login - ***verifyLoggedin - ended***
20:48:36.296 [main] INFO  io.github.bonigarcia.wdm.WebDriverManager - Using chromedriver 131.0.6778.85 (resolved driver for Chrome 131)
20:48:36.327 [main] INFO  io.github.bonigarcia.wdm.WebDriverManager - Exporting webdriver.chrome.driver as C:\Users\Vishv\.cache\selenium\chromedriver\win64\131.0.6778.85\chromedriver.exe
20:48:38.780 [main] INFO  testClass.TC_002_Login - ***verifyLoggedin - started***
20:48:40.138 [main] INFO  testClass.TC_002_Login - Entered login page
20:48:42.443 [main] INFO  testClass.TC_002_Login - ***verifyLoggedin - ended***
22:30:19.365 [main] INFO  io.github.bonigarcia.wdm.WebDriverManager - Using chromedriver 131.0.6778.85 (resolved driver for Chrome 131)
22:30:19.402 [main] INFO  io.github.bonigarcia.wdm.WebDriverManager - Exporting webdriver.chrome.driver as C:\Users\Vishv\.cache\selenium\chromedriver\win64\131.0.6778.85\chromedriver.exe
22:30:21.878 [main] INFO  testClass.TC_002_Login - ***verifyLoggedin - started***
22:30:23.273 [main] INFO  testClass.TC_002_Login - Entered login page
22:30:25.827 [main] INFO  testClass.TC_002_Login - ***verifyLoggedin - ended***
22:37:14.636 [main] INFO  io.github.bonigarcia.wdm.WebDriverManager - Using chromedriver 131.0.6778.85 (resolved driver for Chrome 131)
22:37:14.671 [main] INFO  io.github.bonigarcia.wdm.WebDriverManager - Exporting webdriver.chrome.driver as C:\Users\Vishv\.cache\selenium\chromedriver\win64\131.0.6778.85\chromedriver.exe
